<?xml version="1.0" encoding="UTF-8"?>
<!-- Generated by org.testng.reporters.JUnitReportReporter -->
<testsuite skipped="0" hostname="Empower132" name="myTests.AmazonTests" tests="2" failures="0" timestamp="11 Apr 2021 13:28:15 GMT" time="20.064" errors="0">
  <testcase name="emailTest" time="19.837" classname="myTests.AmazonTests"/>
  <testcase name="usernameTest" time="0.227" classname="myTests.AmazonTests"/>
</testsuite> <!-- myTests.AmazonTests -->
