<?xml version="1.0" encoding="UTF-8"?>
<!-- Generated by org.testng.reporters.JUnitReportReporter -->
<testsuite skipped="0" hostname="Empower132" name="myTests.CrmPro" tests="2" failures="0" timestamp="11 Apr 2021 13:28:15 GMT" time="20.140" errors="0">
  <testcase name="passwordTest" time="19.963" classname="myTests.CrmPro"/>
  <testcase name="usernameTest" time="0.177" classname="myTests.CrmPro"/>
</testsuite> <!-- myTests.CrmPro -->
