<?xml version="1.0" encoding="UTF-8"?>
<!-- Generated by org.testng.reporters.JUnitReportReporter -->
<testsuite skipped="0" hostname="Empower132" name="myTests.OrangeHrm" tests="4" failures="0" timestamp="11 Apr 2021 13:28:15 GMT" time="37.567" errors="0">
  <testcase name="searchProdTest" time="0.169" classname="myTests.OrangeHrm"/>
  <testcase name="enterNameTest" time="14.002" classname="myTests.OrangeHrm"/>
  <testcase name="searchProdTest" time="0.045" classname="myTests.OrangeHrm"/>
  <testcase name="enterNameTest" time="23.351" classname="myTests.OrangeHrm"/>
</testsuite> <!-- myTests.OrangeHrm -->
