<?xml version="1.0" encoding="UTF-8"?>
<!-- Generated by org.testng.reporters.JUnitReportReporter -->
<testsuite skipped="0" hostname="Empower132" name="TestNG.TestNgConcepts" tests="3" failures="0" timestamp="03 Apr 2021 13:19:17 GMT" time="0.010" errors="0">
  <testcase name="checkProdTest" time="0.005" classname="TestNG.TestNgConcepts"/>
  <testcase name="logInTest" time="0.002" classname="TestNG.TestNgConcepts"/>
  <testcase name="SearchProdTest" time="0.003" classname="TestNG.TestNgConcepts"/>
</testsuite> <!-- TestNG.TestNgConcepts -->
