<?xml version="1.0" encoding="UTF-8"?>
<!-- Generated by org.testng.reporters.JUnitReportReporter -->
<testsuite skipped="0" hostname="Empower132" name="TestNG.InvocationCount" tests="10" failures="0" timestamp="06 Apr 2021 14:38:20 GMT" time="0.019" errors="0">
  <testcase name="checkProdTest" time="0.001" classname="TestNG.InvocationCount"/>
  <testcase name="checkProdTest" time="0.000" classname="TestNG.InvocationCount"/>
  <testcase name="checkProdTest" time="0.001" classname="TestNG.InvocationCount"/>
  <testcase name="checkProdTest" time="0.000" classname="TestNG.InvocationCount"/>
  <testcase name="checkProdTest" time="0.001" classname="TestNG.InvocationCount"/>
  <testcase name="checkProdTest" time="0.012" classname="TestNG.InvocationCount"/>
  <testcase name="checkProdTest" time="0.001" classname="TestNG.InvocationCount"/>
  <testcase name="checkProdTest" time="0.001" classname="TestNG.InvocationCount"/>
  <testcase name="checkProdTest" time="0.001" classname="TestNG.InvocationCount"/>
  <testcase name="checkProdTest" time="0.001" classname="TestNG.InvocationCount"/>
</testsuite> <!-- TestNG.InvocationCount -->
